Searching for include files...
Searching for example files...
Searching for images...
Searching for dot files...
Searching for msc files...
Searching for files to exclude
Searching for files to process...
Searching for files in directory /home/travis/build/david-cattermole/assetQC
Searching for files in directory /home/travis/build/david-cattermole/assetQC/.git
Searching for files in directory /home/travis/build/david-cattermole/assetQC/.git/branches
Searching for files in directory /home/travis/build/david-cattermole/assetQC/.git/hooks
Searching for files in directory /home/travis/build/david-cattermole/assetQC/.git/info
Searching for files in directory /home/travis/build/david-cattermole/assetQC/.git/logs
Searching for files in directory /home/travis/build/david-cattermole/assetQC/.git/logs/refs
Searching for files in directory /home/travis/build/david-cattermole/assetQC/.git/logs/refs/heads
Searching for files in directory /home/travis/build/david-cattermole/assetQC/.git/logs/refs/remotes
Searching for files in directory /home/travis/build/david-cattermole/assetQC/.git/logs/refs/remotes/origin
Searching for files in directory /home/travis/build/david-cattermole/assetQC/.git/objects
Searching for files in directory /home/travis/build/david-cattermole/assetQC/.git/objects/info
Searching for files in directory /home/travis/build/david-cattermole/assetQC/.git/objects/pack
Searching for files in directory /home/travis/build/david-cattermole/assetQC/.git/refs
Searching for files in directory /home/travis/build/david-cattermole/assetQC/.git/refs/heads
Searching for files in directory /home/travis/build/david-cattermole/assetQC/.git/refs/remotes
Searching for files in directory /home/travis/build/david-cattermole/assetQC/.git/refs/remotes/origin
Searching for files in directory /home/travis/build/david-cattermole/assetQC/.git/refs/tags
Searching for files in directory /home/travis/build/david-cattermole/assetQC/config
Searching for files in directory /home/travis/build/david-cattermole/assetQC/docs
Searching for files in directory /home/travis/build/david-cattermole/assetQC/docs/assetQC
Searching for files in directory /home/travis/build/david-cattermole/assetQC/docs/assetQC/.git
Searching for files in directory /home/travis/build/david-cattermole/assetQC/docs/assetQC/.git/branches
Searching for files in directory /home/travis/build/david-cattermole/assetQC/docs/assetQC/.git/hooks
Searching for files in directory /home/travis/build/david-cattermole/assetQC/docs/assetQC/.git/info
Searching for files in directory /home/travis/build/david-cattermole/assetQC/docs/assetQC/.git/logs
Searching for files in directory /home/travis/build/david-cattermole/assetQC/docs/assetQC/.git/logs/refs
Searching for files in directory /home/travis/build/david-cattermole/assetQC/docs/assetQC/.git/logs/refs/heads
Searching for files in directory /home/travis/build/david-cattermole/assetQC/docs/assetQC/.git/logs/refs/remotes
Searching for files in directory /home/travis/build/david-cattermole/assetQC/docs/assetQC/.git/logs/refs/remotes/origin
Searching for files in directory /home/travis/build/david-cattermole/assetQC/docs/assetQC/.git/objects
Searching for files in directory /home/travis/build/david-cattermole/assetQC/docs/assetQC/.git/objects/info
Searching for files in directory /home/travis/build/david-cattermole/assetQC/docs/assetQC/.git/objects/pack
Searching for files in directory /home/travis/build/david-cattermole/assetQC/docs/assetQC/.git/refs
Searching for files in directory /home/travis/build/david-cattermole/assetQC/docs/assetQC/.git/refs/heads
Searching for files in directory /home/travis/build/david-cattermole/assetQC/docs/assetQC/.git/refs/remotes
Searching for files in directory /home/travis/build/david-cattermole/assetQC/docs/assetQC/.git/refs/remotes/origin
Searching for files in directory /home/travis/build/david-cattermole/assetQC/docs/assetQC/.git/refs/tags
Searching for files in directory /home/travis/build/david-cattermole/assetQC/python
Searching for files in directory /home/travis/build/david-cattermole/assetQC/python/assetQC
Searching for files in directory /home/travis/build/david-cattermole/assetQC/python/assetQC/api
Searching for files in directory /home/travis/build/david-cattermole/assetQC/python/assetQC/cmd
Searching for files in directory /home/travis/build/david-cattermole/assetQC/test
Searching for files in directory /home/travis/build/david-cattermole/assetQC/test/api_tests
Searching for files in directory /home/travis/build/david-cattermole/assetQC/test/data
Searching for files in directory /home/travis/build/david-cattermole/assetQC/test/data/config
Searching for files in directory /home/travis/build/david-cattermole/assetQC/test/mayaAssets
Searching for files in directory /home/travis/build/david-cattermole/assetQC/test/mayaAssets/anim
Searching for files in directory /home/travis/build/david-cattermole/assetQC/test/mayaAssets/camera
Searching for files in directory /home/travis/build/david-cattermole/assetQC/test/mayaAssets/geometry
Searching for files in directory /home/travis/build/david-cattermole/assetQC/test/mayaAssets/rig
Searching for files in directory /home/travis/build/david-cattermole/assetQC/test/mayaAssets/shader
Searching for files in directory /home/travis/build/david-cattermole/assetQC/test/mayaAssets/texture
Searching for files in directory /home/travis/build/david-cattermole/assetQC/test/mayaReporters
Searching for files in directory /home/travis/build/david-cattermole/assetQC/test/standardAssets
Searching for files in directory /home/travis/build/david-cattermole/assetQC/test/standardAssets/camera
Searching for files in directory /home/travis/build/david-cattermole/assetQC/test/standardReporters
Searching for files in directory /home/travis/build/david-cattermole/assetQC/test/ui
Reading and parsing tag files
Reading /home/travis/build/david-cattermole/assetQC/python/assetQC/__init__.py...
Parsing file /home/travis/build/david-cattermole/assetQC/python/assetQC/__init__.py...
Reading /home/travis/build/david-cattermole/assetQC/python/assetQC/api/__init__.py...
Parsing file /home/travis/build/david-cattermole/assetQC/python/assetQC/api/__init__.py...
Reading /home/travis/build/david-cattermole/assetQC/python/assetQC/api/assetInstance.py...
Parsing file /home/travis/build/david-cattermole/assetQC/python/assetQC/api/assetInstance.py...
Reading /home/travis/build/david-cattermole/assetQC/python/assetQC/api/baseDataObject.py...
Parsing file /home/travis/build/david-cattermole/assetQC/python/assetQC/api/baseDataObject.py...
Reading /home/travis/build/david-cattermole/assetQC/python/assetQC/api/baseTestObject.py...
Parsing file /home/travis/build/david-cattermole/assetQC/python/assetQC/api/baseTestObject.py...
Reading /home/travis/build/david-cattermole/assetQC/python/assetQC/api/collector.py...
Parsing file /home/travis/build/david-cattermole/assetQC/python/assetQC/api/collector.py...
Reading /home/travis/build/david-cattermole/assetQC/python/assetQC/api/config.py...
Parsing file /home/travis/build/david-cattermole/assetQC/python/assetQC/api/config.py...
Reading /home/travis/build/david-cattermole/assetQC/python/assetQC/api/context.py...
Parsing file /home/travis/build/david-cattermole/assetQC/python/assetQC/api/context.py...
Reading /home/travis/build/david-cattermole/assetQC/python/assetQC/api/fixer.py...
Parsing file /home/travis/build/david-cattermole/assetQC/python/assetQC/api/fixer.py...
Reading /home/travis/build/david-cattermole/assetQC/python/assetQC/api/lib.py...
Parsing file /home/travis/build/david-cattermole/assetQC/python/assetQC/api/lib.py...
Reading /home/travis/build/david-cattermole/assetQC/python/assetQC/api/logger.py...
Parsing file /home/travis/build/david-cattermole/assetQC/python/assetQC/api/logger.py...
Reading /home/travis/build/david-cattermole/assetQC/python/assetQC/api/reporter.py...
Parsing file /home/travis/build/david-cattermole/assetQC/python/assetQC/api/reporter.py...
Reading /home/travis/build/david-cattermole/assetQC/python/assetQC/api/status.py...
Parsing file /home/travis/build/david-cattermole/assetQC/python/assetQC/api/status.py...
Reading /home/travis/build/david-cattermole/assetQC/python/assetQC/api/utils.py...
Parsing file /home/travis/build/david-cattermole/assetQC/python/assetQC/api/utils.py...
Reading /home/travis/build/david-cattermole/assetQC/python/assetQC/api/validator.py...
Parsing file /home/travis/build/david-cattermole/assetQC/python/assetQC/api/validator.py...
Reading /home/travis/build/david-cattermole/assetQC/python/assetQC/cmd/__init__.py...
Parsing file /home/travis/build/david-cattermole/assetQC/python/assetQC/cmd/__init__.py...
Reading /home/travis/build/david-cattermole/assetQC/python/assetQC/cmd/assetQC.py...
Parsing file /home/travis/build/david-cattermole/assetQC/python/assetQC/cmd/assetQC.py...
Reading /home/travis/build/david-cattermole/assetQC/test/__init__.py...
Parsing file /home/travis/build/david-cattermole/assetQC/test/__init__.py...
Reading /home/travis/build/david-cattermole/assetQC/test/api_tests/__init__.py...
Parsing file /home/travis/build/david-cattermole/assetQC/test/api_tests/__init__.py...
Reading /home/travis/build/david-cattermole/assetQC/test/api_tests/test_assetInstance.py...
Parsing file /home/travis/build/david-cattermole/assetQC/test/api_tests/test_assetInstance.py...
Reading /home/travis/build/david-cattermole/assetQC/test/api_tests/test_collector.py...
Parsing file /home/travis/build/david-cattermole/assetQC/test/api_tests/test_collector.py...
Reading /home/travis/build/david-cattermole/assetQC/test/api_tests/test_config.py...
Parsing file /home/travis/build/david-cattermole/assetQC/test/api_tests/test_config.py...
Reading /home/travis/build/david-cattermole/assetQC/test/api_tests/test_context.py...
Parsing file /home/travis/build/david-cattermole/assetQC/test/api_tests/test_context.py...
Reading /home/travis/build/david-cattermole/assetQC/test/api_tests/test_fixer.py...
Parsing file /home/travis/build/david-cattermole/assetQC/test/api_tests/test_fixer.py...
Reading /home/travis/build/david-cattermole/assetQC/test/api_tests/test_lib.py...
Parsing file /home/travis/build/david-cattermole/assetQC/test/api_tests/test_lib.py...
Reading /home/travis/build/david-cattermole/assetQC/test/api_tests/test_logger.py...
Parsing file /home/travis/build/david-cattermole/assetQC/test/api_tests/test_logger.py...
Reading /home/travis/build/david-cattermole/assetQC/test/api_tests/test_reporter.py...
Parsing file /home/travis/build/david-cattermole/assetQC/test/api_tests/test_reporter.py...
Reading /home/travis/build/david-cattermole/assetQC/test/api_tests/test_status.py...
Parsing file /home/travis/build/david-cattermole/assetQC/test/api_tests/test_status.py...
Reading /home/travis/build/david-cattermole/assetQC/test/api_tests/test_utils.py...
Parsing file /home/travis/build/david-cattermole/assetQC/test/api_tests/test_utils.py...
Reading /home/travis/build/david-cattermole/assetQC/test/api_tests/test_validator.py...
Parsing file /home/travis/build/david-cattermole/assetQC/test/api_tests/test_validator.py...
Reading /home/travis/build/david-cattermole/assetQC/test/baseLib.py...
Parsing file /home/travis/build/david-cattermole/assetQC/test/baseLib.py...
Reading /home/travis/build/david-cattermole/assetQC/test/mayaAssets/__init__.py...
Parsing file /home/travis/build/david-cattermole/assetQC/test/mayaAssets/__init__.py...
Reading /home/travis/build/david-cattermole/assetQC/test/mayaAssets/anim/__init__.py...
Parsing file /home/travis/build/david-cattermole/assetQC/test/mayaAssets/anim/__init__.py...
Reading /home/travis/build/david-cattermole/assetQC/test/mayaAssets/anim/animCollector.py...
Parsing file /home/travis/build/david-cattermole/assetQC/test/mayaAssets/anim/animCollector.py...
Reading /home/travis/build/david-cattermole/assetQC/test/mayaAssets/anim/animInstance.py...
Parsing file /home/travis/build/david-cattermole/assetQC/test/mayaAssets/anim/animInstance.py...
Reading /home/travis/build/david-cattermole/assetQC/test/mayaAssets/camera/__init__.py...
Parsing file /home/travis/build/david-cattermole/assetQC/test/mayaAssets/camera/__init__.py...
Reading /home/travis/build/david-cattermole/assetQC/test/mayaAssets/camera/cameraCollector.py...
Parsing file /home/travis/build/david-cattermole/assetQC/test/mayaAssets/camera/cameraCollector.py...
Reading /home/travis/build/david-cattermole/assetQC/test/mayaAssets/camera/cameraFilmbackFixer.py...
Parsing file /home/travis/build/david-cattermole/assetQC/test/mayaAssets/camera/cameraFilmbackFixer.py...
Reading /home/travis/build/david-cattermole/assetQC/test/mayaAssets/camera/cameraFilmbackValidator.py...
Parsing file /home/travis/build/david-cattermole/assetQC/test/mayaAssets/camera/cameraFilmbackValidator.py...
Reading /home/travis/build/david-cattermole/assetQC/test/mayaAssets/camera/cameraInstance.py...
Parsing file /home/travis/build/david-cattermole/assetQC/test/mayaAssets/camera/cameraInstance.py...
Reading /home/travis/build/david-cattermole/assetQC/test/mayaAssets/camera/cameraKeyframeCountValidator.py...
Parsing file /home/travis/build/david-cattermole/assetQC/test/mayaAssets/camera/cameraKeyframeCountValidator.py...
Reading /home/travis/build/david-cattermole/assetQC/test/mayaAssets/camera/cameraPivotFixer.py...
Parsing file /home/travis/build/david-cattermole/assetQC/test/mayaAssets/camera/cameraPivotFixer.py...
Reading /home/travis/build/david-cattermole/assetQC/test/mayaAssets/camera/cameraPivotValidator.py...
Parsing file /home/travis/build/david-cattermole/assetQC/test/mayaAssets/camera/cameraPivotValidator.py...
Reading /home/travis/build/david-cattermole/assetQC/test/mayaAssets/camera/cameraRenderableFixer.py...
Parsing file /home/travis/build/david-cattermole/assetQC/test/mayaAssets/camera/cameraRenderableFixer.py...
Reading /home/travis/build/david-cattermole/assetQC/test/mayaAssets/camera/cameraRenderableValidator.py...
Parsing file /home/travis/build/david-cattermole/assetQC/test/mayaAssets/camera/cameraRenderableValidator.py...
Reading /home/travis/build/david-cattermole/assetQC/test/mayaAssets/geometry/__init__.py...
Parsing file /home/travis/build/david-cattermole/assetQC/test/mayaAssets/geometry/__init__.py...
Reading /home/travis/build/david-cattermole/assetQC/test/mayaAssets/geometry/geometryCollector.py...
Parsing file /home/travis/build/david-cattermole/assetQC/test/mayaAssets/geometry/geometryCollector.py...
Reading /home/travis/build/david-cattermole/assetQC/test/mayaAssets/geometry/geometryInstance.py...
Parsing file /home/travis/build/david-cattermole/assetQC/test/mayaAssets/geometry/geometryInstance.py...
Reading /home/travis/build/david-cattermole/assetQC/test/mayaAssets/mayaInstance.py...
Parsing file /home/travis/build/david-cattermole/assetQC/test/mayaAssets/mayaInstance.py...
Reading /home/travis/build/david-cattermole/assetQC/test/mayaAssets/rig/__init__.py...
Parsing file /home/travis/build/david-cattermole/assetQC/test/mayaAssets/rig/__init__.py...
Reading /home/travis/build/david-cattermole/assetQC/test/mayaAssets/rig/rigCollector.py...
Parsing file /home/travis/build/david-cattermole/assetQC/test/mayaAssets/rig/rigCollector.py...
Reading /home/travis/build/david-cattermole/assetQC/test/mayaAssets/rig/rigInstance.py...
Parsing file /home/travis/build/david-cattermole/assetQC/test/mayaAssets/rig/rigInstance.py...
Reading /home/travis/build/david-cattermole/assetQC/test/mayaAssets/rig/rigValidator.py...
Parsing file /home/travis/build/david-cattermole/assetQC/test/mayaAssets/rig/rigValidator.py...
Reading /home/travis/build/david-cattermole/assetQC/test/mayaAssets/shader/__init__.py...
Parsing file /home/travis/build/david-cattermole/assetQC/test/mayaAssets/shader/__init__.py...
Reading /home/travis/build/david-cattermole/assetQC/test/mayaAssets/shader/shaderCollector.py...
Parsing file /home/travis/build/david-cattermole/assetQC/test/mayaAssets/shader/shaderCollector.py...
Reading /home/travis/build/david-cattermole/assetQC/test/mayaAssets/shader/shaderInstance.py...
Parsing file /home/travis/build/david-cattermole/assetQC/test/mayaAssets/shader/shaderInstance.py...
Reading /home/travis/build/david-cattermole/assetQC/test/mayaAssets/texture/__init__.py...
Parsing file /home/travis/build/david-cattermole/assetQC/test/mayaAssets/texture/__init__.py...
Reading /home/travis/build/david-cattermole/assetQC/test/mayaAssets/texture/textureCollector.py...
Parsing file /home/travis/build/david-cattermole/assetQC/test/mayaAssets/texture/textureCollector.py...
Reading /home/travis/build/david-cattermole/assetQC/test/mayaAssets/texture/textureInstance.py...
Parsing file /home/travis/build/david-cattermole/assetQC/test/mayaAssets/texture/textureInstance.py...
Reading /home/travis/build/david-cattermole/assetQC/test/mayaAssets/texture/textureValidator.py...
Parsing file /home/travis/build/david-cattermole/assetQC/test/mayaAssets/texture/textureValidator.py...
Reading /home/travis/build/david-cattermole/assetQC/test/mayaReporters/__init__.py...
Parsing file /home/travis/build/david-cattermole/assetQC/test/mayaReporters/__init__.py...
Reading /home/travis/build/david-cattermole/assetQC/test/mayaReporters/assignShadersReporter.py...
Parsing file /home/travis/build/david-cattermole/assetQC/test/mayaReporters/assignShadersReporter.py...
Reading /home/travis/build/david-cattermole/assetQC/test/mayaReporters/viewportRenderReporter.py...
Parsing file /home/travis/build/david-cattermole/assetQC/test/mayaReporters/viewportRenderReporter.py...
Reading /home/travis/build/david-cattermole/assetQC/test/mayaUtils.py...
Parsing file /home/travis/build/david-cattermole/assetQC/test/mayaUtils.py...
Reading /home/travis/build/david-cattermole/assetQC/test/runMayaTests.py...
Parsing file /home/travis/build/david-cattermole/assetQC/test/runMayaTests.py...
Reading /home/travis/build/david-cattermole/assetQC/test/runTests.py...
Parsing file /home/travis/build/david-cattermole/assetQC/test/runTests.py...
Reading /home/travis/build/david-cattermole/assetQC/test/standardAssets/__init__.py...
Parsing file /home/travis/build/david-cattermole/assetQC/test/standardAssets/__init__.py...
Reading /home/travis/build/david-cattermole/assetQC/test/standardAssets/camera/__init__.py...
Parsing file /home/travis/build/david-cattermole/assetQC/test/standardAssets/camera/__init__.py...
Reading /home/travis/build/david-cattermole/assetQC/test/standardAssets/camera/cameraCollector.py...
Parsing file /home/travis/build/david-cattermole/assetQC/test/standardAssets/camera/cameraCollector.py...
Reading /home/travis/build/david-cattermole/assetQC/test/standardAssets/camera/cameraFilmbackFixer.py...
Parsing file /home/travis/build/david-cattermole/assetQC/test/standardAssets/camera/cameraFilmbackFixer.py...
Reading /home/travis/build/david-cattermole/assetQC/test/standardAssets/camera/cameraFilmbackValidator.py...
Parsing file /home/travis/build/david-cattermole/assetQC/test/standardAssets/camera/cameraFilmbackValidator.py...
Reading /home/travis/build/david-cattermole/assetQC/test/standardAssets/camera/cameraInstance.py...
Parsing file /home/travis/build/david-cattermole/assetQC/test/standardAssets/camera/cameraInstance.py...
Reading /home/travis/build/david-cattermole/assetQC/test/standardAssets/camera/cameraKeyframeCountValidator.py...
Parsing file /home/travis/build/david-cattermole/assetQC/test/standardAssets/camera/cameraKeyframeCountValidator.py...
Reading /home/travis/build/david-cattermole/assetQC/test/standardReporters/__init__.py...
Parsing file /home/travis/build/david-cattermole/assetQC/test/standardReporters/__init__.py...
Reading /home/travis/build/david-cattermole/assetQC/test/standardReporters/consolePrintReporter.py...
Parsing file /home/travis/build/david-cattermole/assetQC/test/standardReporters/consolePrintReporter.py...
Reading /home/travis/build/david-cattermole/assetQC/test/standardReporters/emailSummaryReporter.py...
Parsing file /home/travis/build/david-cattermole/assetQC/test/standardReporters/emailSummaryReporter.py...
Reading /home/travis/build/david-cattermole/assetQC/test/standardUtils.py...
Parsing file /home/travis/build/david-cattermole/assetQC/test/standardUtils.py...
Reading /home/travis/build/david-cattermole/assetQC/test/ui/__init__.py...
Parsing file /home/travis/build/david-cattermole/assetQC/test/ui/__init__.py...
Reading /home/travis/build/david-cattermole/assetQC/test/ui/mayaUI.py...
Parsing file /home/travis/build/david-cattermole/assetQC/test/ui/mayaUI.py...
Building group list...
Building directory list...
Building namespace list...
Building file list...
Building class list...
Associating documentation with classes...
Computing nesting relations for classes...
Building example list...
Searching for enumerations...
Searching for documented typedefs...
Searching for members imported via using declarations...
Searching for included using directives...
Searching for documented variables...
Building member list...
Searching for friends...
Searching for documented defines...
Computing class inheritance relations...
Computing class usage relations...
Flushing cached template relations that have become invalid...
Creating members for template instances...
Computing class relations...
Add enum values to enums...
Searching for member function documentation...
Building page list...
Search for main page...
Computing page relations...
Determining the scope of groups...
Sorting lists...
Freeing entry tree
Determining which enums are documented
Computing member relations...
Building full member lists recursively...
Adding members to member groups.
Computing member references...
Inheriting documentation...
Generating disk names...
Adding source references...
Adding xrefitems...
Sorting member lists...
Generating citations page...
Counting data structures...
Resolving user defined references...
Finding anchors and sections in the documentation...
Combining using relations...
Adding members to index pages...
Generating style sheet...
Generating search indices...
Generating example documentation...
Generating file sources...
Generating file documentation...
Generating docs for file python/assetQC/__init__.py...
Generating docs for file python/assetQC/api/__init__.py...
Generating docs for file python/assetQC/cmd/__init__.py...
Generating docs for file test/__init__.py...
Generating docs for file test/api_tests/__init__.py...
Generating docs for file test/mayaAssets/__init__.py...
Generating docs for file test/mayaAssets/anim/__init__.py...
Generating docs for file test/mayaAssets/camera/__init__.py...
Generating docs for file test/mayaAssets/geometry/__init__.py...
Generating docs for file test/mayaAssets/rig/__init__.py...
Generating docs for file test/mayaAssets/shader/__init__.py...
Generating docs for file test/mayaAssets/texture/__init__.py...
Generating docs for file test/mayaReporters/__init__.py...
Generating docs for file test/standardAssets/__init__.py...
Generating docs for file test/standardAssets/camera/__init__.py...
Generating docs for file test/standardReporters/__init__.py...
Generating docs for file test/ui/__init__.py...
Generating docs for file python/assetQC/api/assetInstance.py...
Generating docs for file python/assetQC/api/baseDataObject.py...
Generating docs for file python/assetQC/api/baseTestObject.py...
Generating docs for file python/assetQC/api/collector.py...
Generating docs for file python/assetQC/api/config.py...
Generating docs for file python/assetQC/api/context.py...
Generating docs for file python/assetQC/api/fixer.py...
Generating docs for file python/assetQC/api/lib.py...
Generating docs for file python/assetQC/api/logger.py...
Generating docs for file python/assetQC/api/reporter.py...
Generating docs for file python/assetQC/api/status.py...
Generating docs for file python/assetQC/api/utils.py...
Generating docs for file python/assetQC/api/validator.py...
Generating docs for file python/assetQC/cmd/assetQC.py...
Generating docs for file test/api_tests/test_assetInstance.py...
Generating docs for file test/api_tests/test_collector.py...
Generating docs for file test/api_tests/test_config.py...
Generating docs for file test/api_tests/test_context.py...
Generating docs for file test/api_tests/test_fixer.py...
Generating docs for file test/api_tests/test_lib.py...
Generating docs for file test/api_tests/test_logger.py...
Generating docs for file test/api_tests/test_reporter.py...
Generating docs for file test/api_tests/test_status.py...
Generating docs for file test/api_tests/test_utils.py...
Generating docs for file test/api_tests/test_validator.py...
Generating docs for file test/baseLib.py...
Generating docs for file test/mayaAssets/anim/animCollector.py...
Generating docs for file test/mayaAssets/anim/animInstance.py...
Generating docs for file test/mayaAssets/camera/cameraCollector.py...
Generating docs for file test/standardAssets/camera/cameraCollector.py...
Generating docs for file test/mayaAssets/camera/cameraFilmbackFixer.py...
Generating docs for file test/standardAssets/camera/cameraFilmbackFixer.py...
Generating docs for file test/mayaAssets/camera/cameraFilmbackValidator.py...
Generating docs for file test/standardAssets/camera/cameraFilmbackValidator.py...
Generating docs for file test/mayaAssets/camera/cameraInstance.py...
Generating docs for file test/standardAssets/camera/cameraInstance.py...
Generating docs for file test/mayaAssets/camera/cameraKeyframeCountValidator.py...
Generating docs for file test/standardAssets/camera/cameraKeyframeCountValidator.py...
Generating docs for file test/mayaAssets/camera/cameraPivotFixer.py...
Generating docs for file test/mayaAssets/camera/cameraPivotValidator.py...
Generating docs for file test/mayaAssets/camera/cameraRenderableFixer.py...
Generating docs for file test/mayaAssets/camera/cameraRenderableValidator.py...
Generating docs for file test/mayaAssets/geometry/geometryCollector.py...
Generating docs for file test/mayaAssets/geometry/geometryInstance.py...
Generating docs for file test/mayaAssets/mayaInstance.py...
Generating docs for file test/mayaAssets/rig/rigCollector.py...
Generating docs for file test/mayaAssets/rig/rigInstance.py...
Generating docs for file test/mayaAssets/rig/rigValidator.py...
Generating docs for file test/mayaAssets/shader/shaderCollector.py...
Generating docs for file test/mayaAssets/shader/shaderInstance.py...
Generating docs for file test/mayaAssets/texture/textureCollector.py...
Generating docs for file test/mayaAssets/texture/textureInstance.py...
Generating docs for file test/mayaAssets/texture/textureValidator.py...
Generating docs for file test/mayaReporters/assignShadersReporter.py...
Generating docs for file test/mayaReporters/viewportRenderReporter.py...
Generating docs for file test/mayaUtils.py...
Generating docs for file test/runMayaTests.py...
Generating docs for file test/runTests.py...
Generating docs for file test/standardReporters/consolePrintReporter.py...
Generating docs for file test/standardReporters/emailSummaryReporter.py...
Generating docs for file test/standardUtils.py...
Generating docs for file test/ui/mayaUI.py...
Generating page documentation...
Generating group documentation...
Generating class documentation...
Generating namespace index...
Generating docs for namespace assetQC
Generating docs for namespace assetQC::api
Generating docs for namespace assetQC::api::assetInstance
Generating docs for compound assetQC::api::assetInstance::AssetInstance...
Generating docs for namespace assetQC::api::baseDataObject
Generating docs for compound assetQC::api::baseDataObject::BaseDataObject...
Generating docs for namespace assetQC::api::baseTestObject
Generating docs for compound assetQC::api::baseTestObject::BaseTestObject...
Generating docs for namespace assetQC::api::collector
Generating docs for compound assetQC::api::collector::Collector...
Generating docs for namespace assetQC::api::config
Generating docs for compound assetQC::api::config::memoized...
Generating docs for namespace assetQC::api::context
Generating docs for compound assetQC::api::context::Context...
Generating docs for namespace assetQC::api::fixer
Generating docs for compound assetQC::api::fixer::Fixer...
Generating docs for namespace assetQC::api::lib
Generating docs for namespace assetQC::api::logger
Generating docs for namespace assetQC::api::reporter
Generating docs for compound assetQC::api::reporter::Reporter...
Generating docs for namespace assetQC::api::status
Generating docs for compound assetQC::api::status::ErrorStatus...
Generating docs for compound assetQC::api::status::FailureStatus...
Generating docs for compound assetQC::api::status::Status...
Generating docs for compound assetQC::api::status::StatusObject...
Generating docs for compound assetQC::api::status::WarningStatus...
Generating docs for namespace assetQC::api::utils
Generating docs for namespace assetQC::api::validator
Generating docs for compound assetQC::api::validator::Validator...
Generating docs for namespace assetQC::cmd
Generating docs for namespace assetQC::cmd::assetQC
Generating docs for namespace test
Generating docs for namespace test::api_tests
Generating docs for namespace test::api_tests::test_assetInstance
Generating docs for compound test::api_tests::test_assetInstance::TestAssetInstance...
Generating docs for namespace test::api_tests::test_collector
Generating docs for compound test::api_tests::test_collector::TestCollector...
Generating docs for namespace test::api_tests::test_config
Generating docs for compound test::api_tests::test_config::TestAssetInstance...
Generating docs for namespace test::api_tests::test_context
Generating docs for compound test::api_tests::test_context::TestContext...
Generating docs for namespace test::api_tests::test_fixer
Generating docs for compound test::api_tests::test_fixer::TestFixer...
Generating docs for namespace test::api_tests::test_lib
Generating docs for compound test::api_tests::test_lib::TestLib...
Generating docs for namespace test::api_tests::test_logger
Generating docs for compound test::api_tests::test_logger::TestLogger...
Generating docs for namespace test::api_tests::test_reporter
Generating docs for compound test::api_tests::test_reporter::TestReporter...
Generating docs for namespace test::api_tests::test_status
Generating docs for compound test::api_tests::test_status::TestStatus...
Generating docs for namespace test::api_tests::test_utils
Generating docs for compound test::api_tests::test_utils::TestUtils...
Generating docs for namespace test::api_tests::test_validator
Generating docs for compound test::api_tests::test_validator::TestValidator...
Generating docs for namespace test::baseLib
Generating docs for compound test::baseLib::BaseCase...
Generating docs for namespace test::mayaAssets
Generating docs for namespace test::mayaAssets::anim
Generating docs for namespace test::mayaAssets::anim::animCollector
Generating docs for compound test::mayaAssets::anim::animCollector::AnimCollector...
Generating docs for namespace test::mayaAssets::anim::animInstance
Generating docs for compound test::mayaAssets::anim::animInstance::AnimInstance...
Generating docs for namespace test::mayaAssets::camera
Generating docs for namespace test::mayaAssets::camera::cameraCollector
Generating docs for compound test::mayaAssets::camera::cameraCollector::CameraCollector...
Generating docs for namespace test::mayaAssets::camera::cameraFilmbackFixer
Generating docs for compound test::mayaAssets::camera::cameraFilmbackFixer::CameraFilmbackFixer...
Generating docs for namespace test::mayaAssets::camera::cameraFilmbackValidator
Generating docs for compound test::mayaAssets::camera::cameraFilmbackValidator::CameraFilmbackValidator...
Generating docs for namespace test::mayaAssets::camera::cameraInstance
Generating docs for compound test::mayaAssets::camera::cameraInstance::CameraInstance...
Generating docs for namespace test::mayaAssets::camera::cameraKeyframeCountValidator
Generating docs for compound test::mayaAssets::camera::cameraKeyframeCountValidator::CameraKeyframeCountValidator...
Generating docs for namespace test::mayaAssets::camera::cameraPivotFixer
Generating docs for compound test::mayaAssets::camera::cameraPivotFixer::CameraPivotFixer...
Generating docs for namespace test::mayaAssets::camera::cameraPivotValidator
Generating docs for compound test::mayaAssets::camera::cameraPivotValidator::CameraPivotValidator...
Generating docs for namespace test::mayaAssets::camera::cameraRenderableFixer
Generating docs for compound test::mayaAssets::camera::cameraRenderableFixer::CameraRenderableFixer...
Generating docs for namespace test::mayaAssets::camera::cameraRenderableValidator
Generating docs for compound test::mayaAssets::camera::cameraRenderableValidator::CameraRenderableValidator...
Generating docs for namespace test::mayaAssets::geometry
Generating docs for namespace test::mayaAssets::geometry::geometryCollector
Generating docs for compound test::mayaAssets::geometry::geometryCollector::GeometryCollector...
Generating docs for namespace test::mayaAssets::geometry::geometryInstance
Generating docs for compound test::mayaAssets::geometry::geometryInstance::GeometryInstance...
Generating docs for namespace test::mayaAssets::mayaInstance
Generating docs for compound test::mayaAssets::mayaInstance::MayaInstance...
Generating docs for namespace test::mayaAssets::rig
Generating docs for namespace test::mayaAssets::rig::rigCollector
Generating docs for compound test::mayaAssets::rig::rigCollector::RigCollector...
Generating docs for namespace test::mayaAssets::rig::rigInstance
Generating docs for compound test::mayaAssets::rig::rigInstance::RigInstance...
Generating docs for namespace test::mayaAssets::rig::rigValidator
Generating docs for compound test::mayaAssets::rig::rigValidator::RigValidator...
Generating docs for namespace test::mayaAssets::shader
Generating docs for namespace test::mayaAssets::shader::shaderCollector
Generating docs for compound test::mayaAssets::shader::shaderCollector::ShaderCollector...
Generating docs for namespace test::mayaAssets::shader::shaderInstance
Generating docs for compound test::mayaAssets::shader::shaderInstance::ShaderInstance...
Generating docs for namespace test::mayaAssets::texture
Generating docs for namespace test::mayaAssets::texture::textureCollector
Generating docs for compound test::mayaAssets::texture::textureCollector::TextureCollector...
Generating docs for namespace test::mayaAssets::texture::textureInstance
Generating docs for compound test::mayaAssets::texture::textureInstance::TextureInstance...
Generating docs for namespace test::mayaAssets::texture::textureValidator
Generating docs for compound test::mayaAssets::texture::textureValidator::TextureValidator...
Generating docs for namespace test::mayaReporters
Generating docs for namespace test::mayaReporters::assignShadersReporter
Generating docs for compound test::mayaReporters::assignShadersReporter::AssignShadersReporter...
Generating docs for namespace test::mayaReporters::viewportRenderReporter
Generating docs for compound test::mayaReporters::viewportRenderReporter::ViewportRenderReporter...
Generating docs for namespace test::mayaUtils
Generating docs for namespace test::runMayaTests
Generating docs for namespace test::runTests
Generating docs for compound test::runTests::TestOverall...
Generating docs for namespace test::standardAssets
Generating docs for namespace test::standardAssets::camera
Generating docs for namespace test::standardAssets::camera::cameraCollector
Generating docs for compound test::standardAssets::camera::cameraCollector::CameraCollector...
Generating docs for namespace test::standardAssets::camera::cameraFilmbackFixer
Generating docs for compound test::standardAssets::camera::cameraFilmbackFixer::CameraFilmbackFixer...
Generating docs for namespace test::standardAssets::camera::cameraFilmbackValidator
Generating docs for compound test::standardAssets::camera::cameraFilmbackValidator::CameraFilmbackValidator...
Generating docs for namespace test::standardAssets::camera::cameraInstance
Generating docs for compound test::standardAssets::camera::cameraInstance::CameraInstance...
Generating docs for namespace test::standardAssets::camera::cameraKeyframeCountValidator
Generating docs for compound test::standardAssets::camera::cameraKeyframeCountValidator::CameraKeyframeCountValidator...
Generating docs for namespace test::standardReporters
Generating docs for namespace test::standardReporters::consolePrintReporter
Generating docs for compound test::standardReporters::consolePrintReporter::ConsolePrintReporter...
Generating docs for namespace test::standardReporters::emailSummaryReporter
Generating docs for compound test::standardReporters::emailSummaryReporter::EmailSummaryReporter...
Generating docs for namespace test::standardUtils
Generating docs for namespace test::ui
Generating docs for namespace test::ui::mayaUI
Generating docs for compound test::ui::mayaUI::MayaUI...
Generating graph info page...
Generating index page...
Generating page index...
Generating module index...
Generating namespace index...
Generating namespace member index...
Generating annotated compound index...
Generating alphabetical compound index...
Generating hierarchical class index...
Generating member index...
Generating file index...
Generating file member index...
Generating example index...
finalizing index lists...
symbol cache used 519/65536 hits=34056 misses=519
lookup cache used 745/65536 hits=1952 misses=859
finished...
